<?xml version="1.0" encoding="UTF-8"?>
<!-- Generated by org.testng.reporters.JUnitReportReporter -->
<testsuite hostname="ATMECSBLRLT-073" failures="0" tests="1" name="lambdaTest.LambdaappLogin" time="2.594" errors="0" timestamp="2023-04-24T19:13:01 IST" skipped="0">
  <testcase classname="lambdaTest.LambdaappLogin" name="login" time="2.594"/>
  <system-out/>
</testsuite> <!-- lambdaTest.LambdaappLogin -->
