<?xml version="1.0" encoding="UTF-8"?>
<!-- Generated by org.testng.reporters.JUnitReportReporter -->
<testsuite hostname="ATMECSBLRLT-073" failures="0" tests="1" name="lambdaTest.LambdaApplication" time="5.675" errors="0" timestamp="2023-04-24T18:06:27 IST" skipped="0">
  <testcase classname="lambdaTest.LambdaApplication" name="register" time="5.675"/>
  <system-out/>
</testsuite> <!-- lambdaTest.LambdaApplication -->
