<?xml version="1.0" encoding="UTF-8"?>
<!-- Generated by org.testng.reporters.JUnitReportReporter -->
<testsuite hostname="ATMECSBLRLT-073" failures="0" tests="1" name="lambdaTest.LambdappRegister" time="11.744" errors="0" timestamp="2023-04-24T20:14:19 IST" skipped="0">
  <testcase classname="lambdaTest.LambdappRegister" name="register" time="11.744"/>
  <system-out/>
</testsuite> <!-- lambdaTest.LambdappRegister -->
